# JRE version: Java(TM) SE Runtime Environment (8.0_181-b13) (build 1.8.0_181-b13)
# Java VM: Java HotSpot(TM) 64-Bit Server VM (25.181-b13 mixed mode linux-amd64 compressed oops)
Heap:
 PSYoungGen      total 652288K, used 0K [0x00000000d7200000, 0x0000000100000000, 0x0000000100000000)
  eden space 634880K, 0% used [0x00000000d7200000,0x00000000d7200000,0x00000000fde00000)
  from space 17408K, 0% used [0x00000000fde00000,0x00000000fde00000,0x00000000fef00000)
  to   space 17408K, 0% used [0x00000000fef00000,0x00000000fef00000,0x0000000100000000)
 ParOldGen       total 414720K, used 401753K [0x0000000085600000, 0x000000009eb00000, 0x00000000d7200000)
  object space 414720K, 96% used [0x0000000085600000,0x000000009de56668,0x000000009eb00000)
 Metaspace       used 17027K, capacity 17260K, committed 17664K, reserved 1064960K
  class space    used 1868K, capacity 1950K, committed 2048K, reserved 1048576K
GC Heap History (10 events):
Event: 934.293 GC heap after
Heap after GC invocations=1552 (full 7):
 PSYoungGen      total 639488K, used 160K [0x00000000d7200000, 0x0000000100000000, 0x0000000100000000)
  eden space 638976K, 0% used [0x00000000d7200000,0x00000000d7200000,0x00000000fe200000)
  from space 512K, 31% used [0x00000000fe200000,0x00000000fe228000,0x00000000fe280000)
  to   space 16896K, 0% used [0x00000000fef80000,0x00000000fef80000,0x0000000100000000)
 ParOldGen       total 827392K, used 792888K [0x0000000085600000, 0x00000000b7e00000, 0x00000000d7200000)
  object space 827392K, 95% used [0x0000000085600000,0x00000000b5c4e3c0,0x00000000b7e00000)
 Metaspace       used 16565K, capacity 16792K, committed 17152K, reserved 1064960K
  class space    used 1834K, capacity 1924K, committed 2048K, reserved 1048576K
}
Event: 934.293 GC heap before
{Heap before GC invocations=1553 (full 8):
 PSYoungGen      total 639488K, used 160K [0x00000000d7200000, 0x0000000100000000, 0x0000000100000000)
  eden space 638976K, 0% used [0x00000000d7200000,0x00000000d7200000,0x00000000fe200000)
  from space 512K, 31% used [0x00000000fe200000,0x00000000fe228000,0x00000000fe280000)
  to   space 16896K, 0% used [0x00000000fef80000,0x00000000fef80000,0x0000000100000000)
 ParOldGen       total 827392K, used 792888K [0x0000000085600000, 0x00000000b7e00000, 0x00000000d7200000)
  object space 827392K, 95% used [0x0000000085600000,0x00000000b5c4e3c0,0x00000000b7e00000)
 Metaspace       used 16565K, capacity 16792K, committed 17152K, reserved 1064960K
  class space    used 1834K, capacity 1924K, committed 2048K, reserved 1048576K
Event: 934.443 GC heap after
Heap after GC invocations=1553 (full 8):
 PSYoungGen      total 639488K, used 0K [0x00000000d7200000, 0x0000000100000000, 0x0000000100000000)
  eden space 638976K, 0% used [0x00000000d7200000,0x00000000d7200000,0x00000000fe200000)
  from space 512K, 0% used [0x00000000fe200000,0x00000000fe200000,0x00000000fe280000)
  to   space 16896K, 0% used [0x00000000fef80000,0x00000000fef80000,0x0000000100000000)
 ParOldGen       total 498688K, used 260183K [0x0000000085600000, 0x00000000a3d00000, 0x00000000d7200000)
  object space 498688K, 52% used [0x0000000085600000,0x0000000095415e10,0x00000000a3d00000)
 Metaspace       used 16565K, capacity 16792K, committed 17152K, reserved 1064960K
  class space    used 1834K, capacity 1924K, committed 2048K, reserved 1048576K
}
Event: 2503.219 GC heap before
{Heap before GC invocations=1554 (full 8):
 PSYoungGen      total 639488K, used 610021K [0x00000000d7200000, 0x0000000100000000, 0x0000000100000000)
  eden space 638976K, 95% used [0x00000000d7200000,0x00000000fc5b9650,0x00000000fe200000)
  from space 512K, 0% used [0x00000000fe200000,0x00000000fe200000,0x00000000fe280000)
  to   space 16896K, 0% used [0x00000000fef80000,0x00000000fef80000,0x0000000100000000)
 ParOldGen       total 498688K, used 260183K [0x0000000085600000, 0x00000000a3d00000, 0x00000000d7200000)
  object space 498688K, 52% used [0x0000000085600000,0x0000000095415e10,0x00000000a3d00000)
 Metaspace       used 17039K, capacity 17282K, committed 17664K, reserved 1064960K
  class space    used 1871K, capacity 1957K, committed 2048K, reserved 1048576K
Event: 2503.259 GC heap after
Heap after GC invocations=1554 (full 8):
 PSYoungGen      total 651776K, used 1357K [0x00000000d7200000, 0x0000000100000000, 0x0000000100000000)
  eden space 634880K, 0% used [0x00000000d7200000,0x00000000d7200000,0x00000000fde00000)
  from space 16896K, 8% used [0x00000000fef80000,0x00000000ff0d3548,0x0000000100000000)
  to   space 17408K, 0% used [0x00000000fde00000,0x00000000fde00000,0x00000000fef00000)
 ParOldGen       total 498688K, used 455065K [0x0000000085600000, 0x00000000a3d00000, 0x00000000d7200000)
  object space 498688K, 91% used [0x0000000085600000,0x00000000a12664a0,0x00000000a3d00000)
 Metaspace       used 17039K, capacity 17282K, committed 17664K, reserved 1064960K
  class space    used 1871K, capacity 1957K, committed 2048K, reserved 1048576K
}
Event: 2503.259 GC heap before
{Heap before GC invocations=1555 (full 9):
 PSYoungGen      total 651776K, used 1357K [0x00000000d7200000, 0x0000000100000000, 0x0000000100000000)
  eden space 634880K, 0% used [0x00000000d7200000,0x00000000d7200000,0x00000000fde00000)
  from space 16896K, 8% used [0x00000000fef80000,0x00000000ff0d3548,0x0000000100000000)
  to   space 17408K, 0% used [0x00000000fde00000,0x00000000fde00000,0x00000000fef00000)
 ParOldGen       total 498688K, used 455065K [0x0000000085600000, 0x00000000a3d00000, 0x00000000d7200000)
  object space 498688K, 91% used [0x0000000085600000,0x00000000a12664a0,0x00000000a3d00000)
 Metaspace       used 17039K, capacity 17282K, committed 17664K, reserved 1064960K
  class space    used 1871K, capacity 1957K, committed 2048K, reserved 1048576K
Event: 2503.412 GC heap after
Heap after GC invocations=1555 (full 9):
 PSYoungGen      total 651776K, used 0K [0x00000000d7200000, 0x0000000100000000, 0x0000000100000000)
  eden space 634880K, 0% used [0x00000000d7200000,0x00000000d7200000,0x00000000fde00000)
  from space 16896K, 0% used [0x00000000fef80000,0x00000000fef80000,0x0000000100000000)
  to   space 17408K, 0% used [0x00000000fde00000,0x00000000fde00000,0x00000000fef00000)
 ParOldGen       total 414720K, used 73236K [0x0000000085600000, 0x000000009eb00000, 0x00000000d7200000)
  object space 414720K, 17% used [0x0000000085600000,0x0000000089d85230,0x000000009eb00000)
 Metaspace       used 17026K, capacity 17260K, committed 17664K, reserved 1064960K
  class space    used 1868K, capacity 1950K, committed 2048K, reserved 1048576K
}
Event: 2519.083 GC heap before
{Heap before GC invocations=1556 (full 9):
 PSYoungGen      total 651776K, used 634880K [0x00000000d7200000, 0x0000000100000000, 0x0000000100000000)
  eden space 634880K, 100% used [0x00000000d7200000,0x00000000fde00000,0x00000000fde00000)
  from space 16896K, 0% used [0x00000000fef80000,0x00000000fef80000,0x0000000100000000)
  to   space 17408K, 0% used [0x00000000fde00000,0x00000000fde00000,0x00000000fef00000)
 ParOldGen       total 414720K, used 73236K [0x0000000085600000, 0x000000009eb00000, 0x00000000d7200000)
  object space 414720K, 17% used [0x0000000085600000,0x0000000089d85230,0x000000009eb00000)
 Metaspace       used 17027K, capacity 17260K, committed 17664K, reserved 1064960K
  class space    used 1868K, capacity 1950K, committed 2048K, reserved 1048576K
Event: 2519.481 GC heap after
Heap after GC invocations=1556 (full 9):
 PSYoungGen      total 652288K, used 17403K [0x00000000d7200000, 0x0000000100000000, 0x0000000100000000)
  eden space 634880K, 0% used [0x00000000d7200000,0x00000000d7200000,0x00000000fde00000)
  from space 17408K, 99% used [0x00000000fde00000,0x00000000feefec08,0x00000000fef00000)
  to   space 17408K, 0% used [0x00000000fef00000,0x00000000fef00000,0x0000000100000000)
 ParOldGen       total 414720K, used 384905K [0x0000000085600000, 0x000000009eb00000, 0x00000000d7200000)
  object space 414720K, 92% used [0x0000000085600000,0x000000009cde26d8,0x000000009eb00000)
 Metaspace       used 17027K, capacity 17260K, committed 17664K, reserved 1064960K
  class space    used 1868K, capacity 1950K, committed 2048K, reserved 1048576K
}
Event: 2519.481 GC heap before
{Heap before GC invocations=1557 (full 10):
 PSYoungGen      total 652288K, used 17403K [0x00000000d7200000, 0x0000000100000000, 0x0000000100000000)
  eden space 634880K, 0% used [0x00000000d7200000,0x00000000d7200000,0x00000000fde00000)
  from space 17408K, 99% used [0x00000000fde00000,0x00000000feefec08,0x00000000fef00000)
  to   space 17408K, 0% used [0x00000000fef00000,0x00000000fef00000,0x0000000100000000)
 ParOldGen       total 414720K, used 384905K [0x0000000085600000, 0x000000009eb00000, 0x00000000d7200000)
  object space 414720K, 92% used [0x0000000085600000,0x000000009cde26d8,0x000000009eb00000)
 Metaspace       used 17027K, capacity 17260K, committed 17664K, reserved 1064960K
  class space    used 1868K, capacity 1950K, committed 2048K, reserved 1048576K

